{"/home/nandakishor/works/REACT/Food App/src/component/Body.jsx": {"path":"/home/nandakishor/works/REACT/Food App/src/component/Body.jsx","statementMap":{"0":{"start":{"line":9,"column":13},"end":{"line":87,"column":1}},"1":{"start":{"line":10,"column":38},"end":{"line":10,"column":50}},"2":{"start":{"line":11,"column":34},"end":{"line":11,"column":46}},"3":{"start":{"line":12,"column":50},"end":{"line":12,"column":62}},"4":{"start":{"line":14,"column":2},"end":{"line":16,"column":9}},"5":{"start":{"line":15,"column":4},"end":{"line":15,"column":16}},"6":{"start":{"line":18,"column":20},"end":{"line":28,"column":3}},"7":{"start":{"line":19,"column":4},"end":{"line":27,"column":5}},"8":{"start":{"line":20,"column":21},"end":{"line":20,"column":49}},"9":{"start":{"line":21,"column":21},"end":{"line":21,"column":40}},"10":{"start":{"line":22,"column":26},"end":{"line":22,"column":95}},"11":{"start":{"line":23,"column":31},"end":{"line":23,"column":67}},"12":{"start":{"line":23,"column":57},"end":{"line":23,"column":66}},"13":{"start":{"line":24,"column":6},"end":{"line":24,"column":36}},"14":{"start":{"line":25,"column":6},"end":{"line":25,"column":44}},"15":{"start":{"line":30,"column":17},"end":{"line":30,"column":34}},"16":{"start":{"line":31,"column":21},"end":{"line":31,"column":31}},"17":{"start":{"line":33,"column":2},"end":{"line":33,"column":92}},"18":{"start":{"line":33,"column":15},"end":{"line":33,"column":92}},"19":{"start":{"line":35,"column":2},"end":{"line":86,"column":4}},"20":{"start":{"line":47,"column":14},"end":{"line":47,"column":44}},"21":{"start":{"line":53,"column":41},"end":{"line":55,"column":15}},"22":{"start":{"line":54,"column":16},"end":{"line":54,"column":74}},"23":{"start":{"line":56,"column":14},"end":{"line":56,"column":54}},"24":{"start":{"line":65,"column":38},"end":{"line":65,"column":86}},"25":{"start":{"line":65,"column":64},"end":{"line":65,"column":85}},"26":{"start":{"line":66,"column":12},"end":{"line":66,"column":51}},"27":{"start":{"line":75,"column":10},"end":{"line":77,"column":17}},"28":{"start":{"line":80,"column":10},"end":{"line":82,"column":17}}},"fnMap":{"0":{"name":"(anonymous_0)","decl":{"start":{"line":9,"column":13},"end":{"line":9,"column":14}},"loc":{"start":{"line":9,"column":19},"end":{"line":87,"column":1}},"line":9},"1":{"name":"(anonymous_1)","decl":{"start":{"line":14,"column":12},"end":{"line":14,"column":13}},"loc":{"start":{"line":14,"column":18},"end":{"line":16,"column":3}},"line":14},"2":{"name":"(anonymous_2)","decl":{"start":{"line":18,"column":20},"end":{"line":18,"column":21}},"loc":{"start":{"line":18,"column":32},"end":{"line":28,"column":3}},"line":18},"3":{"name":"(anonymous_3)","decl":{"start":{"line":23,"column":47},"end":{"line":23,"column":48}},"loc":{"start":{"line":23,"column":57},"end":{"line":23,"column":66}},"line":23},"4":{"name":"(anonymous_4)","decl":{"start":{"line":46,"column":22},"end":{"line":46,"column":23}},"loc":{"start":{"line":46,"column":29},"end":{"line":48,"column":13}},"line":46},"5":{"name":"(anonymous_5)","decl":{"start":{"line":52,"column":21},"end":{"line":52,"column":22}},"loc":{"start":{"line":52,"column":27},"end":{"line":57,"column":13}},"line":52},"6":{"name":"(anonymous_6)","decl":{"start":{"line":53,"column":57},"end":{"line":53,"column":58}},"loc":{"start":{"line":54,"column":16},"end":{"line":54,"column":74}},"line":54},"7":{"name":"(anonymous_7)","decl":{"start":{"line":64,"column":19},"end":{"line":64,"column":20}},"loc":{"start":{"line":64,"column":25},"end":{"line":67,"column":11}},"line":64},"8":{"name":"(anonymous_8)","decl":{"start":{"line":65,"column":54},"end":{"line":65,"column":55}},"loc":{"start":{"line":65,"column":64},"end":{"line":65,"column":85}},"line":65},"9":{"name":"(anonymous_9)","decl":{"start":{"line":74,"column":30},"end":{"line":74,"column":31}},"loc":{"start":{"line":75,"column":10},"end":{"line":77,"column":17}},"line":75},"10":{"name":"(anonymous_10)","decl":{"start":{"line":79,"column":30},"end":{"line":79,"column":31}},"loc":{"start":{"line":80,"column":10},"end":{"line":82,"column":17}},"line":80}},"branchMap":{"0":{"loc":{"start":{"line":33,"column":2},"end":{"line":33,"column":92}},"type":"if","locations":[{"start":{"line":33,"column":2},"end":{"line":33,"column":92}},{"start":{},"end":{}}],"line":33},"1":{"loc":{"start":{"line":35,"column":9},"end":{"line":86,"column":3}},"type":"cond-expr","locations":[{"start":{"line":36,"column":4},"end":{"line":36,"column":15}},{"start":{"line":38,"column":4},"end":{"line":85,"column":10}}],"line":35},"2":{"loc":{"start":{"line":76,"column":13},"end":{"line":76,"column":90}},"type":"cond-expr","locations":[{"start":{"line":76,"column":27},"end":{"line":76,"column":60}},{"start":{"line":76,"column":63},"end":{"line":76,"column":90}}],"line":76},"3":{"loc":{"start":{"line":81,"column":13},"end":{"line":81,"column":90}},"type":"cond-expr","locations":[{"start":{"line":81,"column":27},"end":{"line":81,"column":60}},{"start":{"line":81,"column":63},"end":{"line":81,"column":90}}],"line":81}},"s":{"0":1,"1":4,"2":4,"3":4,"4":4,"5":1,"6":4,"7":1,"8":1,"9":1,"10":1,"11":1,"12":8,"13":1,"14":1,"15":4,"16":4,"17":4,"18":0,"19":4,"20":1,"21":1,"22":8,"23":1,"24":0,"25":0,"26":0,"27":16,"28":16},"f":{"0":4,"1":1,"2":1,"3":8,"4":1,"5":1,"6":8,"7":0,"8":0,"9":16,"10":16},"b":{"0":[0,4],"1":[1,3],"2":[16,0],"3":[16,0]},"_coverageSchema":"1a1c01bbd47fc00a2c39e90264f33305004495a9","hash":"dab043b6ca37db4e06ede186f3dc849d3fc7fde3"}
,"/home/nandakishor/works/REACT/Food App/src/component/Contact.jsx": {"path":"/home/nandakishor/works/REACT/Food App/src/component/Contact.jsx","statementMap":{"0":{"start":{"line":3,"column":16},"end":{"line":53,"column":1}},"1":{"start":{"line":4,"column":2},"end":{"line":52,"column":4}}},"fnMap":{"0":{"name":"(anonymous_0)","decl":{"start":{"line":3,"column":16},"end":{"line":3,"column":17}},"loc":{"start":{"line":3,"column":22},"end":{"line":53,"column":1}},"line":3}},"branchMap":{},"s":{"0":1,"1":2},"f":{"0":2},"b":{},"_coverageSchema":"1a1c01bbd47fc00a2c39e90264f33305004495a9","hash":"6a6f0ed36d54801ed66fb4a2e65b33455598b311"}
,"/home/nandakishor/works/REACT/Food App/src/component/Header.jsx": {"path":"/home/nandakishor/works/REACT/Food App/src/component/Header.jsx","statementMap":{"0":{"start":{"line":8,"column":15},"end":{"line":57,"column":1}},"1":{"start":{"line":9,"column":38},"end":{"line":9,"column":55}},"2":{"start":{"line":11,"column":27},"end":{"line":11,"column":50}},"3":{"start":{"line":13,"column":20},"end":{"line":13,"column":60}},"4":{"start":{"line":13,"column":43},"end":{"line":13,"column":59}},"5":{"start":{"line":15,"column":2},"end":{"line":17,"column":19}},"6":{"start":{"line":19,"column":2},"end":{"line":56,"column":4}},"7":{"start":{"line":45,"column":14},"end":{"line":47,"column":42}}},"fnMap":{"0":{"name":"(anonymous_0)","decl":{"start":{"line":8,"column":15},"end":{"line":8,"column":16}},"loc":{"start":{"line":8,"column":21},"end":{"line":57,"column":1}},"line":8},"1":{"name":"(anonymous_1)","decl":{"start":{"line":13,"column":32},"end":{"line":13,"column":33}},"loc":{"start":{"line":13,"column":43},"end":{"line":13,"column":59}},"line":13},"2":{"name":"(anonymous_2)","decl":{"start":{"line":15,"column":12},"end":{"line":15,"column":13}},"loc":{"start":{"line":15,"column":18},"end":{"line":17,"column":3}},"line":15},"3":{"name":"(anonymous_3)","decl":{"start":{"line":44,"column":21},"end":{"line":44,"column":22}},"loc":{"start":{"line":44,"column":27},"end":{"line":48,"column":13}},"line":44}},"branchMap":{"0":{"loc":{"start":{"line":45,"column":14},"end":{"line":47,"column":41}},"type":"cond-expr","locations":[{"start":{"line":46,"column":18},"end":{"line":46,"column":40}},{"start":{"line":47,"column":18},"end":{"line":47,"column":41}}],"line":45}},"s":{"0":2,"1":4,"2":4,"3":4,"4":7,"5":4,"6":4,"7":1},"f":{"0":4,"1":7,"2":4,"3":1},"b":{"0":[0,1]},"_coverageSchema":"1a1c01bbd47fc00a2c39e90264f33305004495a9","hash":"553ca6983e4f57a47db910df8f5be06c9d84f830"}
,"/home/nandakishor/works/REACT/Food App/src/component/Shimmer.jsx": {"path":"/home/nandakishor/works/REACT/Food App/src/component/Shimmer.jsx","statementMap":{"0":{"start":{"line":1,"column":16},"end":{"line":19,"column":1}},"1":{"start":{"line":3,"column":4},"end":{"line":18,"column":5}}},"fnMap":{"0":{"name":"(anonymous_0)","decl":{"start":{"line":1,"column":16},"end":{"line":1,"column":17}},"loc":{"start":{"line":1,"column":21},"end":{"line":19,"column":1}},"line":1}},"branchMap":{},"s":{"0":1,"1":1},"f":{"0":1},"b":{},"_coverageSchema":"1a1c01bbd47fc00a2c39e90264f33305004495a9","hash":"c4edf47ebe23cdf50e5620295f8d20d964eb4e1a"}
,"/home/nandakishor/works/REACT/Food App/src/component/card.jsx": {"path":"/home/nandakishor/works/REACT/Food App/src/component/card.jsx","statementMap":{"0":{"start":{"line":1,"column":13},"end":{"line":24,"column":1}},"1":{"start":{"line":2,"column":2},"end":{"line":23,"column":4}},"2":{"start":{"line":26,"column":20},"end":{"line":34,"column":1}},"3":{"start":{"line":27,"column":2},"end":{"line":33,"column":4}},"4":{"start":{"line":28,"column":4},"end":{"line":32,"column":6}}},"fnMap":{"0":{"name":"(anonymous_0)","decl":{"start":{"line":1,"column":13},"end":{"line":1,"column":14}},"loc":{"start":{"line":1,"column":24},"end":{"line":24,"column":1}},"line":1},"1":{"name":"(anonymous_1)","decl":{"start":{"line":26,"column":20},"end":{"line":26,"column":21}},"loc":{"start":{"line":26,"column":30},"end":{"line":34,"column":1}},"line":26},"2":{"name":"(anonymous_2)","decl":{"start":{"line":27,"column":9},"end":{"line":27,"column":10}},"loc":{"start":{"line":27,"column":20},"end":{"line":33,"column":3}},"line":27}},"branchMap":{"0":{"loc":{"start":{"line":10,"column":9},"end":{"line":14,"column":9}},"type":"binary-expr","locations":[{"start":{"line":10,"column":9},"end":{"line":10,"column":33}},{"start":{"line":11,"column":10},"end":{"line":13,"column":17}}],"line":10}},"s":{"0":2,"1":33,"2":2,"3":4,"4":32},"f":{"0":33,"1":4,"2":32},"b":{"0":[33,33]},"_coverageSchema":"1a1c01bbd47fc00a2c39e90264f33305004495a9","hash":"9d46725bbb98b8f226ec10dc65f1b857664adc29"}
,"/home/nandakishor/works/REACT/Food App/src/component/sum.js": {"path":"/home/nandakishor/works/REACT/Food App/src/component/sum.js","statementMap":{"0":{"start":{"line":1,"column":19},"end":{"line":3,"column":1}},"1":{"start":{"line":2,"column":4},"end":{"line":2,"column":15}}},"fnMap":{"0":{"name":"(anonymous_0)","decl":{"start":{"line":1,"column":19},"end":{"line":1,"column":20}},"loc":{"start":{"line":1,"column":27},"end":{"line":3,"column":1}},"line":1}},"branchMap":{},"s":{"0":1,"1":1},"f":{"0":1},"b":{},"_coverageSchema":"1a1c01bbd47fc00a2c39e90264f33305004495a9","hash":"ae5a8d7c51e30cf2f988f8c0a379c5430fa84570"}
,"/home/nandakishor/works/REACT/Food App/src/utils/appStore.js": {"path":"/home/nandakishor/works/REACT/Food App/src/utils/appStore.js","statementMap":{"0":{"start":{"line":4,"column":17},"end":{"line":8,"column":2}}},"fnMap":{},"branchMap":{},"s":{"0":2},"f":{},"b":{},"_coverageSchema":"1a1c01bbd47fc00a2c39e90264f33305004495a9","hash":"4dc0c13b92cb38f80b767518039c1e524650425d"}
,"/home/nandakishor/works/REACT/Food App/src/utils/cartSlice.js": {"path":"/home/nandakishor/works/REACT/Food App/src/utils/cartSlice.js","statementMap":{"0":{"start":{"line":3,"column":18},"end":{"line":19,"column":2}},"1":{"start":{"line":10,"column":6},"end":{"line":10,"column":39}},"2":{"start":{"line":13,"column":6},"end":{"line":13,"column":72}},"3":{"start":{"line":13,"column":47},"end":{"line":13,"column":70}},"4":{"start":{"line":16,"column":6},"end":{"line":16,"column":23}},"5":{"start":{"line":21,"column":50},"end":{"line":21,"column":67}}},"fnMap":{"0":{"name":"(anonymous_0)","decl":{"start":{"line":9,"column":13},"end":{"line":9,"column":14}},"loc":{"start":{"line":9,"column":32},"end":{"line":11,"column":5}},"line":9},"1":{"name":"(anonymous_1)","decl":{"start":{"line":12,"column":16},"end":{"line":12,"column":17}},"loc":{"start":{"line":12,"column":35},"end":{"line":14,"column":5}},"line":12},"2":{"name":"(anonymous_2)","decl":{"start":{"line":13,"column":39},"end":{"line":13,"column":40}},"loc":{"start":{"line":13,"column":47},"end":{"line":13,"column":70}},"line":13},"3":{"name":"(anonymous_3)","decl":{"start":{"line":15,"column":15},"end":{"line":15,"column":16}},"loc":{"start":{"line":15,"column":26},"end":{"line":17,"column":5}},"line":15}},"branchMap":{},"s":{"0":2,"1":0,"2":0,"3":0,"4":0,"5":2},"f":{"0":0,"1":0,"2":0,"3":0},"b":{},"_coverageSchema":"1a1c01bbd47fc00a2c39e90264f33305004495a9","hash":"7eb9504c9dab1b16054d3bca42f2e6e38a3f1cbf"}
,"/home/nandakishor/works/REACT/Food App/src/utils/constants.js": {"path":"/home/nandakishor/works/REACT/Food App/src/utils/constants.js","statementMap":{"0":{"start":{"line":1,"column":24},"end":{"line":1,"column":143}},"1":{"start":{"line":3,"column":31},"end":{"line":3,"column":142}},"2":{"start":{"line":5,"column":24},"end":{"line":5,"column":192}},"3":{"start":{"line":7,"column":37},"end":{"line":7,"column":131}}},"fnMap":{},"branchMap":{},"s":{"0":3,"1":3,"2":3,"3":3},"f":{},"b":{},"_coverageSchema":"1a1c01bbd47fc00a2c39e90264f33305004495a9","hash":"244c0592c88b398a96454ef248277ae866615898"}
,"/home/nandakishor/works/REACT/Food App/src/utils/context.js": {"path":"/home/nandakishor/works/REACT/Food App/src/utils/context.js","statementMap":{"0":{"start":{"line":5,"column":27},"end":{"line":9,"column":2}}},"fnMap":{"0":{"name":"(anonymous_0)","decl":{"start":{"line":8,"column":17},"end":{"line":8,"column":18}},"loc":{"start":{"line":8,"column":23},"end":{"line":8,"column":25}},"line":8}},"branchMap":{},"s":{"0":2},"f":{"0":0},"b":{},"_coverageSchema":"1a1c01bbd47fc00a2c39e90264f33305004495a9","hash":"4094597a262df5a8f52997a720b524c51ea290f3"}
,"/home/nandakishor/works/REACT/Food App/src/utils/useOnlineStatus.js": {"path":"/home/nandakishor/works/REACT/Food App/src/utils/useOnlineStatus.js","statementMap":{"0":{"start":{"line":3,"column":24},"end":{"line":19,"column":1}},"1":{"start":{"line":5,"column":44},"end":{"line":5,"column":58}},"2":{"start":{"line":7,"column":4},"end":{"line":15,"column":9}},"3":{"start":{"line":8,"column":8},"end":{"line":10,"column":11}},"4":{"start":{"line":9,"column":12},"end":{"line":9,"column":35}},"5":{"start":{"line":12,"column":8},"end":{"line":14,"column":11}},"6":{"start":{"line":13,"column":12},"end":{"line":13,"column":34}},"7":{"start":{"line":18,"column":4},"end":{"line":18,"column":24}}},"fnMap":{"0":{"name":"(anonymous_0)","decl":{"start":{"line":3,"column":24},"end":{"line":3,"column":25}},"loc":{"start":{"line":3,"column":29},"end":{"line":19,"column":1}},"line":3},"1":{"name":"(anonymous_1)","decl":{"start":{"line":7,"column":14},"end":{"line":7,"column":15}},"loc":{"start":{"line":7,"column":20},"end":{"line":15,"column":5}},"line":7},"2":{"name":"(anonymous_2)","decl":{"start":{"line":8,"column":42},"end":{"line":8,"column":43}},"loc":{"start":{"line":8,"column":46},"end":{"line":10,"column":9}},"line":8},"3":{"name":"(anonymous_3)","decl":{"start":{"line":12,"column":41},"end":{"line":12,"column":42}},"loc":{"start":{"line":12,"column":45},"end":{"line":14,"column":9}},"line":12}},"branchMap":{},"s":{"0":1,"1":4,"2":4,"3":1,"4":0,"5":1,"6":0,"7":4},"f":{"0":4,"1":1,"2":0,"3":0},"b":{},"_coverageSchema":"1a1c01bbd47fc00a2c39e90264f33305004495a9","hash":"4a22ffb6e867b8fcc75de32ed1755df9fc9381ea"}
}
